2022-05-07 17:58:18,216 - root - INFO - Namespace(batch_size=128, epoch=5, ex_file_path='/userfiles/eozsuer16/argo/ex_list', feature_dim=64, learning_rate=0.002, load_epoch=None, lr_decay_schedule=0, model_save_path='./', num_workers=0, pretrain_path=None, training_name=None, val_ex_file_path='/userfiles/eozsuer16/argo/eval.ex_list', validation_epoch=1, weight_decay=0.0, world_size=1)
2022-05-07 17:58:18,292 - torch.distributed.distributed_c10d - INFO - Added key: store_based_barrier_key:1 to store for rank: 0
2022-05-07 17:58:18,293 - torch.distributed.distributed_c10d - INFO - Rank 0: Completed store-based barrier for key:store_based_barrier_key:1 with 1 nodes.
2022-05-07 17:58:30,757 - root - INFO - === Epoch 0/5 ===
2022-05-07 17:58:30,758 - root - INFO - learning_rate: 0.002
2022-05-07 17:58:31,823 - root - INFO - Epoch train loss = 0.00530
2022-05-07 17:58:32,615 - root - INFO - {'minADE': 14.779630953814818, 'minFDE': 27.994072014568445, 'MR': 0.9921875}
2022-05-07 17:58:32,620 - root - INFO -  ADE: 14.883912143109411
2022-05-07 17:58:32,621 - root - INFO -  DE@1: 9.86888650747177
2022-05-07 17:58:32,621 - root - INFO -  DE@2: 19.679002388944863
2022-05-07 17:58:32,622 - root - INFO -  DE@3: 28.884805200348776
2022-05-07 17:58:32,626 - root - INFO - === === === 

2022-05-07 17:58:32,627 - root - INFO - === Epoch 1/5 ===
2022-05-07 17:58:32,628 - root - INFO - learning_rate: 0.002
2022-05-07 17:58:33,458 - root - INFO - Epoch train loss = 0.00320
2022-05-07 17:58:34,013 - root - INFO - {'minADE': 14.686228278269656, 'minFDE': 28.147841387573884, 'MR': 0.9921875}
2022-05-07 17:58:34,015 - root - INFO -  ADE: 14.891062578961192
2022-05-07 17:58:34,016 - root - INFO -  DE@1: 9.689902556467281
2022-05-07 17:58:34,016 - root - INFO -  DE@2: 19.566948071515178
2022-05-07 17:58:34,017 - root - INFO -  DE@3: 29.03965523449429
2022-05-07 17:58:34,019 - root - INFO - === === === 

2022-05-07 17:58:34,020 - root - INFO - === Epoch 2/5 ===
2022-05-07 17:58:34,021 - root - INFO - learning_rate: 0.002
2022-05-07 17:58:34,756 - root - INFO - Epoch train loss = 0.00592
2022-05-07 17:58:35,286 - root - INFO - {'minADE': 14.552560809610693, 'minFDE': 28.07225088134716, 'MR': 0.9921875}
2022-05-07 17:58:35,288 - root - INFO -  ADE: 14.867809391724114
2022-05-07 17:58:35,289 - root - INFO -  DE@1: 9.581322519813149
2022-05-07 17:58:35,289 - root - INFO -  DE@2: 19.6345578723836
2022-05-07 17:58:35,290 - root - INFO -  DE@3: 29.178605426172712
2022-05-07 17:58:35,292 - root - INFO - === === === 

2022-05-07 17:58:35,293 - root - INFO - === Epoch 3/5 ===
2022-05-07 17:58:35,294 - root - INFO - learning_rate: 0.002
2022-05-07 17:58:35,974 - root - INFO - Epoch train loss = 0.00427
2022-05-07 17:58:36,555 - root - INFO - {'minADE': 14.458819730130768, 'minFDE': 27.938616949036714, 'MR': 0.9921875}
2022-05-07 17:58:36,556 - root - INFO -  ADE: 14.85786149510278
2022-05-07 17:58:36,557 - root - INFO -  DE@1: 9.530881169806925
2022-05-07 17:58:36,558 - root - INFO -  DE@2: 19.606457668432018
2022-05-07 17:58:36,558 - root - INFO -  DE@3: 29.230869611487922
2022-05-07 17:58:36,561 - root - INFO - === === === 

2022-05-07 17:58:36,562 - root - INFO - === Epoch 4/5 ===
2022-05-07 17:58:36,563 - root - INFO - learning_rate: 0.002
2022-05-07 17:58:37,147 - root - INFO - Epoch train loss = 0.00520
2022-05-07 17:58:37,864 - root - INFO - {'minADE': 14.36740843291883, 'minFDE': 27.802476597982263, 'MR': 0.9921875}
2022-05-07 17:58:37,867 - root - INFO -  ADE: 14.85229718212656
2022-05-07 17:58:37,867 - root - INFO -  DE@1: 9.477521187958624
2022-05-07 17:58:37,868 - root - INFO -  DE@2: 19.551474262147362
2022-05-07 17:58:37,869 - root - INFO -  DE@3: 29.25162617909157
2022-05-07 17:58:37,871 - root - INFO - === === === 

