2022-05-08 23:50:46,712 - root - INFO - Namespace(batch_size=128, epoch=5, ex_file_path='/userfiles/eozsuer16/argo/ex_list', feature_dim=64, learning_rate=0.002, load_epoch=None, lr_decay_schedule=0, model_save_path='./', num_workers=0, pretrain_path=None, training_name=None, val_ex_file_path='/userfiles/eozsuer16/argo/eval.ex_list', validation_epoch=1, weight_decay=0.0, world_size=1)
2022-05-08 23:50:46,775 - torch.distributed.distributed_c10d - INFO - Added key: store_based_barrier_key:1 to store for rank: 0
2022-05-08 23:50:46,776 - torch.distributed.distributed_c10d - INFO - Rank 0: Completed store-based barrier for key:store_based_barrier_key:1 with 1 nodes.
2022-05-08 23:50:58,092 - root - INFO - === Epoch 0/5 ===
2022-05-08 23:50:58,094 - root - INFO - learning_rate: 0.002
2022-05-09 00:10:43,585 - root - INFO - Epoch train loss = 2.66764
2022-05-09 00:13:44,249 - root - INFO - {'minADE': 3.30399030748759, 'minFDE': 6.892379580325348, 'MR': 0.9178911633563032}
2022-05-09 00:13:44,531 - root - INFO -  ADE: 6.9370416114532105
2022-05-09 00:13:44,532 - root - INFO -  DE@1: 4.63618446171848
2022-05-09 00:13:44,533 - root - INFO -  DE@2: 8.863368103639147
2022-05-09 00:13:44,533 - root - INFO -  DE@3: 13.552021331786067
2022-05-09 00:13:44,567 - root - INFO - === === === 

2022-05-09 00:13:44,569 - root - INFO - === Epoch 1/5 ===
2022-05-09 00:13:44,569 - root - INFO - learning_rate: 0.002
2022-05-09 00:33:04,522 - root - INFO - Epoch train loss = 2.11833
2022-05-09 00:36:04,518 - root - INFO - {'minADE': 3.0797597836661144, 'minFDE': 5.864827339342934, 'MR': 0.7454398054316984}
2022-05-09 00:36:04,802 - root - INFO -  ADE: 10.00990391896945
2022-05-09 00:36:04,803 - root - INFO -  DE@1: 6.593788894318349
2022-05-09 00:36:04,804 - root - INFO -  DE@2: 12.918462957980312
2022-05-09 00:36:04,804 - root - INFO -  DE@3: 19.366574493139545
2022-05-09 00:36:04,837 - root - INFO - === === === 

2022-05-09 00:36:04,838 - root - INFO - === Epoch 2/5 ===
2022-05-09 00:36:04,839 - root - INFO - learning_rate: 0.002
2022-05-09 00:55:10,277 - root - INFO - Epoch train loss = 1.92380
2022-05-09 00:58:10,811 - root - INFO - {'minADE': 2.107254214318902, 'minFDE': 3.821525189733508, 'MR': 0.7213721118767734}
2022-05-09 00:58:11,094 - root - INFO -  ADE: 7.380556346446643
2022-05-09 00:58:11,095 - root - INFO -  DE@1: 5.070233040756206
2022-05-09 00:58:11,096 - root - INFO -  DE@2: 9.360881404472574
2022-05-09 00:58:11,096 - root - INFO -  DE@3: 14.022581588426023
2022-05-09 00:58:11,128 - root - INFO - === === === 

2022-05-09 00:58:11,129 - root - INFO - === Epoch 3/5 ===
2022-05-09 00:58:11,130 - root - INFO - learning_rate: 0.002
2022-05-09 01:17:16,980 - root - INFO - Epoch train loss = 1.83844
2022-05-09 01:20:16,733 - root - INFO - {'minADE': 2.1493233686591924, 'minFDE': 3.779955980751753, 'MR': 0.7479985812728009}
2022-05-09 01:20:17,016 - root - INFO -  ADE: 6.424182695545787
2022-05-09 01:20:17,017 - root - INFO -  DE@1: 4.154405551055098
2022-05-09 01:20:17,017 - root - INFO -  DE@2: 8.190865682167951
2022-05-09 01:20:17,018 - root - INFO -  DE@3: 12.603739380768753
2022-05-09 01:20:17,052 - root - INFO - === === === 

2022-05-09 01:20:17,054 - root - INFO - === Epoch 4/5 ===
2022-05-09 01:20:17,055 - root - INFO - learning_rate: 0.002
2022-05-09 01:39:25,397 - root - INFO - Epoch train loss = 1.88682
2022-05-09 01:42:25,785 - root - INFO - {'minADE': 2.1436490503467045, 'minFDE': 3.821824864333463, 'MR': 0.7577523307661127}
2022-05-09 01:42:26,064 - root - INFO -  ADE: 6.674385237728899
2022-05-09 01:42:26,065 - root - INFO -  DE@1: 4.253733699227093
2022-05-09 01:42:26,066 - root - INFO -  DE@2: 8.468137780504874
2022-05-09 01:42:26,066 - root - INFO -  DE@3: 13.433493243881733
2022-05-09 01:42:26,100 - root - INFO - === === === 

