2022-05-09 12:59:01,305 - root - INFO - Namespace(batch_size=128, epoch=5, ex_file_path='/userfiles/eozsuer16/argo/ex_list', feature_dim=64, learning_rate=0.002, load_epoch=None, lr_decay_schedule=0, model_save_path='./', num_workers=0, pretrain_path=None, training_name=None, val_ex_file_path='/userfiles/eozsuer16/argo/eval.ex_list', validation_epoch=1, weight_decay=0.0, world_size=1)
2022-05-09 12:59:01,357 - torch.distributed.distributed_c10d - INFO - Added key: store_based_barrier_key:1 to store for rank: 0
2022-05-09 12:59:01,358 - torch.distributed.distributed_c10d - INFO - Rank 0: Completed store-based barrier for key:store_based_barrier_key:1 with 1 nodes.
2022-05-09 12:59:12,470 - root - INFO - === Epoch 0/5 ===
2022-05-09 12:59:12,471 - root - INFO - learning_rate: 0.002
2022-05-09 13:18:12,930 - root - INFO - Epoch train loss = 4.20711
2022-05-09 13:21:10,182 - root - INFO - {'minADE': 6.076164201256584, 'minFDE': 11.733445137631591, 'MR': 0.912241588974463}
2022-05-09 13:21:10,474 - root - INFO -  ADE: 6.084669115477663
2022-05-09 13:21:10,475 - root - INFO -  DE@1: 3.852552391865671
2022-05-09 13:21:10,476 - root - INFO -  DE@2: 7.790937782017048
2022-05-09 13:21:10,476 - root - INFO -  DE@3: 11.988526124755245
2022-05-09 13:21:10,507 - root - INFO - === === === 

2022-05-09 13:21:10,509 - root - INFO - === Epoch 1/5 ===
2022-05-09 13:21:10,509 - root - INFO - learning_rate: 0.002
2022-05-09 13:40:09,545 - root - INFO - Epoch train loss = 3.94718
2022-05-09 13:43:07,495 - root - INFO - {'minADE': 6.26215242371691, 'minFDE': 12.388600346089145, 'MR': 0.9312930685042562}
2022-05-09 13:43:07,789 - root - INFO -  ADE: 6.266860939730535
2022-05-09 13:43:07,790 - root - INFO -  DE@1: 3.9069790525558887
2022-05-09 13:43:07,790 - root - INFO -  DE@2: 8.085768090338982
2022-05-09 13:43:07,791 - root - INFO -  DE@3: 12.419008558119701
2022-05-09 13:43:07,822 - root - INFO - === === === 

2022-05-09 13:43:07,823 - root - INFO - === Epoch 2/5 ===
2022-05-09 13:43:07,824 - root - INFO - learning_rate: 0.002
2022-05-09 14:02:07,736 - root - INFO - Epoch train loss = 3.80393
