2022-05-08 18:00:55,657 - root - INFO - Namespace(batch_size=128, epoch=5, ex_file_path='/userfiles/eozsuer16/argo/ex_list', feature_dim=64, learning_rate=0.002, load_epoch=None, lr_decay_schedule=0, model_save_path='./', num_workers=0, pretrain_path=None, training_name=None, val_ex_file_path='/userfiles/eozsuer16/argo/eval.ex_list', validation_epoch=1, weight_decay=0.0, world_size=1)
2022-05-08 18:00:55,719 - torch.distributed.distributed_c10d - INFO - Added key: store_based_barrier_key:1 to store for rank: 0
2022-05-08 18:00:55,720 - torch.distributed.distributed_c10d - INFO - Rank 0: Completed store-based barrier for key:store_based_barrier_key:1 with 1 nodes.
2022-05-08 18:01:07,194 - root - INFO - === Epoch 0/5 ===
2022-05-08 18:01:07,195 - root - INFO - learning_rate: 0.002
2022-05-08 18:21:30,497 - root - INFO - Epoch train loss = 3.27835
2022-05-08 18:24:33,053 - root - INFO - {'minADE': 2.4736552214130767, 'minFDE': 4.500578929536945, 'MR': 0.7652766518038103}
2022-05-08 18:24:33,334 - root - INFO -  ADE: 7.590257875292909
2022-05-08 18:24:33,335 - root - INFO -  DE@1: 5.084928930189235
2022-05-08 18:24:33,336 - root - INFO -  DE@2: 9.701785771147147
2022-05-08 18:24:33,336 - root - INFO -  DE@3: 14.407594159316643
2022-05-08 18:24:33,368 - root - INFO - === === === 

2022-05-08 18:24:33,370 - root - INFO - === Epoch 1/5 ===
2022-05-08 18:24:33,370 - root - INFO - learning_rate: 0.002
2022-05-08 18:44:53,746 - root - INFO - Epoch train loss = 2.95038
2022-05-08 18:47:57,103 - root - INFO - {'minADE': 2.1713743463041832, 'minFDE': 3.9911472334345484, 'MR': 0.7126824077827321}
2022-05-08 18:47:57,388 - root - INFO -  ADE: 6.39182443236814
2022-05-08 18:47:57,389 - root - INFO -  DE@1: 3.9504615241685217
2022-05-08 18:47:57,390 - root - INFO -  DE@2: 8.326788643762116
2022-05-08 18:47:57,390 - root - INFO -  DE@3: 12.605829155751618
2022-05-08 18:47:57,426 - root - INFO - === === === 

2022-05-08 18:47:57,427 - root - INFO - === Epoch 2/5 ===
2022-05-08 18:47:57,428 - root - INFO - learning_rate: 0.002
2022-05-08 19:08:13,660 - root - INFO - Epoch train loss = 2.75505
2022-05-08 19:11:17,427 - root - INFO - {'minADE': 2.490560871933076, 'minFDE': 4.575861508887974, 'MR': 0.7236775435751925}
2022-05-08 19:11:17,709 - root - INFO -  ADE: 6.677906967532956
2022-05-08 19:11:17,710 - root - INFO -  DE@1: 4.375934058024685
2022-05-08 19:11:17,710 - root - INFO -  DE@2: 8.509404797951435
2022-05-08 19:11:17,711 - root - INFO -  DE@3: 13.08929651046784
2022-05-08 19:11:17,744 - root - INFO - === === === 

2022-05-08 19:11:17,745 - root - INFO - === Epoch 3/5 ===
2022-05-08 19:11:17,746 - root - INFO - learning_rate: 0.002
2022-05-08 19:31:32,870 - root - INFO - Epoch train loss = 2.73945
2022-05-08 19:34:34,610 - root - INFO - {'minADE': 2.3088061183354736, 'minFDE': 4.220045298384842, 'MR': 0.7254002837454399}
2022-05-08 19:34:34,894 - root - INFO -  ADE: 6.914660965375331
2022-05-08 19:34:34,895 - root - INFO -  DE@1: 4.409710514109691
2022-05-08 19:34:34,896 - root - INFO -  DE@2: 8.819663725213852
2022-05-08 19:34:34,897 - root - INFO -  DE@3: 13.552639945159795
2022-05-08 19:34:34,930 - root - INFO - === === === 

2022-05-08 19:34:34,931 - root - INFO - === Epoch 4/5 ===
2022-05-08 19:34:34,932 - root - INFO - learning_rate: 0.002
