2022-05-09 14:35:12,605 - root - INFO - Namespace(batch_size=128, epoch=5, ex_file_path='/userfiles/eozsuer16/argo/ex_list', feature_dim=64, learning_rate=0.002, load_epoch=None, lr_decay_schedule=0, model_save_path='./', num_workers=0, pretrain_path=None, training_name=None, val_ex_file_path='/userfiles/eozsuer16/argo/eval.ex_list', validation_epoch=1, weight_decay=0.0, world_size=1)
2022-05-09 14:35:12,675 - torch.distributed.distributed_c10d - INFO - Added key: store_based_barrier_key:1 to store for rank: 0
2022-05-09 14:35:12,676 - torch.distributed.distributed_c10d - INFO - Rank 0: Completed store-based barrier for key:store_based_barrier_key:1 with 1 nodes.
2022-05-09 14:35:23,990 - root - INFO - === Epoch 0/5 ===
2022-05-09 14:35:23,991 - root - INFO - learning_rate: 0.002
2022-05-09 14:54:27,013 - root - INFO - Epoch train loss = 3.26842
2022-05-09 14:57:17,986 - root - INFO - {'minADE': 5.855188867265631, 'minFDE': 8.92790876301307, 'MR': 0.8906566680178354}
2022-05-09 14:57:18,284 - root - INFO -  ADE: 6.096618765151525
2022-05-09 14:57:18,285 - root - INFO -  DE@1: 3.8243844134812837
2022-05-09 14:57:18,285 - root - INFO -  DE@2: 7.805905539547828
2022-05-09 14:57:18,286 - root - INFO -  DE@3: 12.047453024829355
2022-05-09 14:57:18,329 - root - INFO - === === === 

2022-05-09 14:57:18,330 - root - INFO - === Epoch 1/5 ===
2022-05-09 14:57:18,331 - root - INFO - learning_rate: 0.002
2022-05-09 15:17:44,612 - root - INFO - Epoch train loss = 3.30256
2022-05-09 15:20:32,406 - root - INFO - {'minADE': 6.497856353008375, 'minFDE': 11.564021164105293, 'MR': 0.9203739359546007}
2022-05-09 15:20:32,701 - root - INFO -  ADE: 6.556998153704433
2022-05-09 15:20:32,702 - root - INFO -  DE@1: 4.132832743169224
2022-05-09 15:20:32,702 - root - INFO -  DE@2: 8.465327856752246
2022-05-09 15:20:32,703 - root - INFO -  DE@3: 12.951871573889099
2022-05-09 15:20:32,734 - root - INFO - === === === 

2022-05-09 15:20:32,735 - root - INFO - === Epoch 2/5 ===
2022-05-09 15:20:32,736 - root - INFO - learning_rate: 0.002
2022-05-09 15:39:57,300 - root - INFO - Epoch train loss = 3.06524
2022-05-09 15:42:44,087 - root - INFO - {'minADE': 6.5118765255934274, 'minFDE': 12.206986868444663, 'MR': 0.958755573571139}
2022-05-09 15:42:44,378 - root - INFO -  ADE: 6.6621464719445065
2022-05-09 15:42:44,379 - root - INFO -  DE@1: 4.088295889695276
2022-05-09 15:42:44,380 - root - INFO -  DE@2: 8.248254562767944
2022-05-09 15:42:44,380 - root - INFO -  DE@3: 13.018465574786642
2022-05-09 15:42:44,412 - root - INFO - === === === 

2022-05-09 15:42:44,413 - root - INFO - === Epoch 3/5 ===
2022-05-09 15:42:44,414 - root - INFO - learning_rate: 0.002
